<?xml version="1.0" encoding="UTF-8"?>
<testsuite xmlns:xsi="http://www.w3.org/2001/XMLSchema-instance" xsi:noNamespaceSchemaLocation="https://maven.apache.org/surefire/maven-surefire-plugin/xsd/surefire-test-report.xsd" name="com.amos.gmall.GmallamosLoggerApplicationTests" time="2.951" tests="1" errors="0" skipped="0" failures="0">
  <properties>
    <property name="sun.desktop" value="windows"/>
    <property name="awt.toolkit" value="sun.awt.windows.WToolkit"/>
    <property name="file.encoding.pkg" value="sun.io"/>
    <property name="java.specification.version" value="1.8"/>
    <property name="sun.cpu.isalist" value="amd64"/>
    <property name="sun.jnu.encoding" value="GBK"/>
    <property name="java.class.path" value="D:\FLINK\gmallamos-logger\target\test-classes;D:\FLINK\gmallamos-logger\target\classes;D:\maven\org\springframework\boot\spring-boot-starter-web\2.5.3\spring-boot-starter-web-2.5.3.jar;D:\maven\org\springframework\boot\spring-boot-starter\2.5.3\spring-boot-starter-2.5.3.jar;D:\maven\org\springframework\boot\spring-boot\2.5.3\spring-boot-2.5.3.jar;D:\maven\org\springframework\boot\spring-boot-autoconfigure\2.5.3\spring-boot-autoconfigure-2.5.3.jar;D:\maven\org\springframework\boot\spring-boot-starter-logging\2.5.3\spring-boot-starter-logging-2.5.3.jar;D:\maven\ch\qos\logback\logback-classic\1.2.4\logback-classic-1.2.4.jar;D:\maven\ch\qos\logback\logback-core\1.2.4\logback-core-1.2.4.jar;D:\maven\org\apache\logging\log4j\log4j-to-slf4j\2.14.1\log4j-to-slf4j-2.14.1.jar;D:\maven\org\apache\logging\log4j\log4j-api\2.14.1\log4j-api-2.14.1.jar;D:\maven\org\slf4j\jul-to-slf4j\1.7.32\jul-to-slf4j-1.7.32.jar;D:\maven\jakarta\annotation\jakarta.annotation-api\1.3.5\jakarta.annotation-api-1.3.5.jar;D:\maven\org\yaml\snakeyaml\1.28\snakeyaml-1.28.jar;D:\maven\org\springframework\boot\spring-boot-starter-json\2.5.3\spring-boot-starter-json-2.5.3.jar;D:\maven\com\fasterxml\jackson\core\jackson-databind\2.12.4\jackson-databind-2.12.4.jar;D:\maven\com\fasterxml\jackson\core\jackson-annotations\2.12.4\jackson-annotations-2.12.4.jar;D:\maven\com\fasterxml\jackson\core\jackson-core\2.12.4\jackson-core-2.12.4.jar;D:\maven\com\fasterxml\jackson\datatype\jackson-datatype-jdk8\2.12.4\jackson-datatype-jdk8-2.12.4.jar;D:\maven\com\fasterxml\jackson\datatype\jackson-datatype-jsr310\2.12.4\jackson-datatype-jsr310-2.12.4.jar;D:\maven\com\fasterxml\jackson\module\jackson-module-parameter-names\2.12.4\jackson-module-parameter-names-2.12.4.jar;D:\maven\org\springframework\boot\spring-boot-starter-tomcat\2.5.3\spring-boot-starter-tomcat-2.5.3.jar;D:\maven\org\apache\tomcat\embed\tomcat-embed-core\9.0.50\tomcat-embed-core-9.0.50.jar;D:\maven\org\apache\tomcat\embed\tomcat-embed-el\9.0.50\tomcat-embed-el-9.0.50.jar;D:\maven\org\apache\tomcat\embed\tomcat-embed-websocket\9.0.50\tomcat-embed-websocket-9.0.50.jar;D:\maven\org\springframework\spring-web\5.3.9\spring-web-5.3.9.jar;D:\maven\org\springframework\spring-beans\5.3.9\spring-beans-5.3.9.jar;D:\maven\org\springframework\spring-webmvc\5.3.9\spring-webmvc-5.3.9.jar;D:\maven\org\springframework\spring-aop\5.3.9\spring-aop-5.3.9.jar;D:\maven\org\springframework\spring-expression\5.3.9\spring-expression-5.3.9.jar;D:\maven\org\springframework\kafka\spring-kafka\2.7.4\spring-kafka-2.7.4.jar;D:\maven\org\springframework\spring-context\5.3.9\spring-context-5.3.9.jar;D:\maven\org\springframework\spring-messaging\5.3.9\spring-messaging-5.3.9.jar;D:\maven\org\springframework\spring-tx\5.3.9\spring-tx-5.3.9.jar;D:\maven\org\springframework\retry\spring-retry\1.3.1\spring-retry-1.3.1.jar;D:\maven\org\apache\kafka\kafka-clients\2.7.1\kafka-clients-2.7.1.jar;D:\maven\com\github\luben\zstd-jni\1.4.5-6\zstd-jni-1.4.5-6.jar;D:\maven\org\lz4\lz4-java\1.7.1\lz4-java-1.7.1.jar;D:\maven\org\xerial\snappy\snappy-java\1.1.7.7\snappy-java-1.1.7.7.jar;D:\maven\org\slf4j\slf4j-api\1.7.32\slf4j-api-1.7.32.jar;D:\maven\com\google\code\findbugs\jsr305\3.0.2\jsr305-3.0.2.jar;D:\maven\org\projectlombok\lombok\1.18.20\lombok-1.18.20.jar;D:\maven\org\springframework\boot\spring-boot-starter-test\2.5.3\spring-boot-starter-test-2.5.3.jar;D:\maven\org\springframework\boot\spring-boot-test\2.5.3\spring-boot-test-2.5.3.jar;D:\maven\org\springframework\boot\spring-boot-test-autoconfigure\2.5.3\spring-boot-test-autoconfigure-2.5.3.jar;D:\maven\com\jayway\jsonpath\json-path\2.5.0\json-path-2.5.0.jar;D:\maven\net\minidev\json-smart\2.4.7\json-smart-2.4.7.jar;D:\maven\net\minidev\accessors-smart\2.4.7\accessors-smart-2.4.7.jar;D:\maven\org\ow2\asm\asm\9.1\asm-9.1.jar;D:\maven\jakarta\xml\bind\jakarta.xml.bind-api\2.3.3\jakarta.xml.bind-api-2.3.3.jar;D:\maven\jakarta\activation\jakarta.activation-api\1.2.2\jakarta.activation-api-1.2.2.jar;D:\maven\org\assertj\assertj-core\3.19.0\assertj-core-3.19.0.jar;D:\maven\org\hamcrest\hamcrest\2.2\hamcrest-2.2.jar;D:\maven\org\junit\jupiter\junit-jupiter\5.7.2\junit-jupiter-5.7.2.jar;D:\maven\org\junit\jupiter\junit-jupiter-params\5.7.2\junit-jupiter-params-5.7.2.jar;D:\maven\org\junit\jupiter\junit-jupiter-engine\5.7.2\junit-jupiter-engine-5.7.2.jar;D:\maven\org\junit\platform\junit-platform-engine\1.7.2\junit-platform-engine-1.7.2.jar;D:\maven\org\mockito\mockito-core\3.9.0\mockito-core-3.9.0.jar;D:\maven\net\bytebuddy\byte-buddy\1.10.22\byte-buddy-1.10.22.jar;D:\maven\net\bytebuddy\byte-buddy-agent\1.10.22\byte-buddy-agent-1.10.22.jar;D:\maven\org\objenesis\objenesis\3.2\objenesis-3.2.jar;D:\maven\org\mockito\mockito-junit-jupiter\3.9.0\mockito-junit-jupiter-3.9.0.jar;D:\maven\org\skyscreamer\jsonassert\1.5.0\jsonassert-1.5.0.jar;D:\maven\com\vaadin\external\google\android-json\0.0.20131108.vaadin1\android-json-0.0.20131108.vaadin1.jar;D:\maven\org\springframework\spring-core\5.3.9\spring-core-5.3.9.jar;D:\maven\org\springframework\spring-jcl\5.3.9\spring-jcl-5.3.9.jar;D:\maven\org\springframework\spring-test\5.3.9\spring-test-5.3.9.jar;D:\maven\org\xmlunit\xmlunit-core\2.8.2\xmlunit-core-2.8.2.jar;D:\maven\org\springframework\kafka\spring-kafka-test\2.7.4\spring-kafka-test-2.7.4.jar;D:\maven\org\apache\kafka\kafka-clients\2.7.1\kafka-clients-2.7.1-test.jar;D:\maven\org\apache\kafka\kafka-streams\2.7.1\kafka-streams-2.7.1.jar;D:\maven\org\apache\kafka\connect-json\2.7.1\connect-json-2.7.1.jar;D:\maven\org\apache\kafka\connect-api\2.7.1\connect-api-2.7.1.jar;D:\maven\org\rocksdb\rocksdbjni\5.18.4\rocksdbjni-5.18.4.jar;D:\maven\org\apache\kafka\kafka-streams-test-utils\2.7.1\kafka-streams-test-utils-2.7.1.jar;D:\maven\org\apache\kafka\kafka_2.13\2.7.1\kafka_2.13-2.7.1.jar;D:\maven\org\apache\kafka\kafka-raft\2.7.1\kafka-raft-2.7.1.jar;D:\maven\com\fasterxml\jackson\module\jackson-module-scala_2.13\2.12.4\jackson-module-scala_2.13-2.12.4.jar;D:\maven\com\thoughtworks\paranamer\paranamer\2.8\paranamer-2.8.jar;D:\maven\com\fasterxml\jackson\dataformat\jackson-dataformat-csv\2.12.4\jackson-dataformat-csv-2.12.4.jar;D:\maven\net\sf\jopt-simple\jopt-simple\5.0.4\jopt-simple-5.0.4.jar;D:\maven\com\yammer\metrics\metrics-core\2.2.0\metrics-core-2.2.0.jar;D:\maven\org\scala-lang\modules\scala-collection-compat_2.13\2.2.0\scala-collection-compat_2.13-2.2.0.jar;D:\maven\org\scala-lang\modules\scala-java8-compat_2.13\0.9.1\scala-java8-compat_2.13-0.9.1.jar;D:\maven\org\scala-lang\scala-library\2.13.3\scala-library-2.13.3.jar;D:\maven\org\scala-lang\scala-reflect\2.13.3\scala-reflect-2.13.3.jar;D:\maven\com\typesafe\scala-logging\scala-logging_2.13\3.9.2\scala-logging_2.13-3.9.2.jar;D:\maven\org\apache\zookeeper\zookeeper\3.5.9\zookeeper-3.5.9.jar;D:\maven\org\apache\zookeeper\zookeeper-jute\3.5.9\zookeeper-jute-3.5.9.jar;D:\maven\org\apache\yetus\audience-annotations\0.5.0\audience-annotations-0.5.0.jar;D:\maven\io\netty\netty-handler\4.1.66.Final\netty-handler-4.1.66.Final.jar;D:\maven\io\netty\netty-common\4.1.66.Final\netty-common-4.1.66.Final.jar;D:\maven\io\netty\netty-resolver\4.1.66.Final\netty-resolver-4.1.66.Final.jar;D:\maven\io\netty\netty-buffer\4.1.66.Final\netty-buffer-4.1.66.Final.jar;D:\maven\io\netty\netty-transport\4.1.66.Final\netty-transport-4.1.66.Final.jar;D:\maven\io\netty\netty-codec\4.1.66.Final\netty-codec-4.1.66.Final.jar;D:\maven\io\netty\netty-transport-native-epoll\4.1.66.Final\netty-transport-native-epoll-4.1.66.Final.jar;D:\maven\io\netty\netty-transport-native-unix-common\4.1.66.Final\netty-transport-native-unix-common-4.1.66.Final.jar;D:\maven\commons-cli\commons-cli\1.4\commons-cli-1.4.jar;D:\maven\org\apache\kafka\kafka_2.13\2.7.1\kafka_2.13-2.7.1-test.jar;D:\maven\org\junit\jupiter\junit-jupiter-api\5.7.2\junit-jupiter-api-5.7.2.jar;D:\maven\org\apiguardian\apiguardian-api\1.1.0\apiguardian-api-1.1.0.jar;D:\maven\org\opentest4j\opentest4j\1.2.0\opentest4j-1.2.0.jar;D:\maven\org\junit\platform\junit-platform-commons\1.7.2\junit-platform-commons-1.7.2.jar;"/>
    <property name="java.vm.vendor" value="Oracle Corporation"/>
    <property name="sun.arch.data.model" value="64"/>
    <property name="user.variant" value=""/>
    <property name="java.vendor.url" value="http://java.oracle.com/"/>
    <property name="user.timezone" value="Asia/Shanghai"/>
    <property name="java.vm.specification.version" value="1.8"/>
    <property name="os.name" value="Windows 10"/>
    <property name="user.country" value="CN"/>
    <property name="sun.java.launcher" value="SUN_STANDARD"/>
    <property name="sun.boot.library.path" value="D:\DevelopmentSaft\JAVA\jre\bin"/>
    <property name="sun.java.command" value="C:\Users\13373\AppData\Local\Temp\surefire4608957317815688577\surefirebooter8287039381518317549.jar C:\Users\13373\AppData\Local\Temp\surefire4608957317815688577 2021-08-15T16-35-47_061-jvmRun1 surefire1129302863542206425tmp surefire_04697167678005298776tmp"/>
    <property name="surefire.test.class.path" value="D:\FLINK\gmallamos-logger\target\test-classes;D:\FLINK\gmallamos-logger\target\classes;D:\maven\org\springframework\boot\spring-boot-starter-web\2.5.3\spring-boot-starter-web-2.5.3.jar;D:\maven\org\springframework\boot\spring-boot-starter\2.5.3\spring-boot-starter-2.5.3.jar;D:\maven\org\springframework\boot\spring-boot\2.5.3\spring-boot-2.5.3.jar;D:\maven\org\springframework\boot\spring-boot-autoconfigure\2.5.3\spring-boot-autoconfigure-2.5.3.jar;D:\maven\org\springframework\boot\spring-boot-starter-logging\2.5.3\spring-boot-starter-logging-2.5.3.jar;D:\maven\ch\qos\logback\logback-classic\1.2.4\logback-classic-1.2.4.jar;D:\maven\ch\qos\logback\logback-core\1.2.4\logback-core-1.2.4.jar;D:\maven\org\apache\logging\log4j\log4j-to-slf4j\2.14.1\log4j-to-slf4j-2.14.1.jar;D:\maven\org\apache\logging\log4j\log4j-api\2.14.1\log4j-api-2.14.1.jar;D:\maven\org\slf4j\jul-to-slf4j\1.7.32\jul-to-slf4j-1.7.32.jar;D:\maven\jakarta\annotation\jakarta.annotation-api\1.3.5\jakarta.annotation-api-1.3.5.jar;D:\maven\org\yaml\snakeyaml\1.28\snakeyaml-1.28.jar;D:\maven\org\springframework\boot\spring-boot-starter-json\2.5.3\spring-boot-starter-json-2.5.3.jar;D:\maven\com\fasterxml\jackson\core\jackson-databind\2.12.4\jackson-databind-2.12.4.jar;D:\maven\com\fasterxml\jackson\core\jackson-annotations\2.12.4\jackson-annotations-2.12.4.jar;D:\maven\com\fasterxml\jackson\core\jackson-core\2.12.4\jackson-core-2.12.4.jar;D:\maven\com\fasterxml\jackson\datatype\jackson-datatype-jdk8\2.12.4\jackson-datatype-jdk8-2.12.4.jar;D:\maven\com\fasterxml\jackson\datatype\jackson-datatype-jsr310\2.12.4\jackson-datatype-jsr310-2.12.4.jar;D:\maven\com\fasterxml\jackson\module\jackson-module-parameter-names\2.12.4\jackson-module-parameter-names-2.12.4.jar;D:\maven\org\springframework\boot\spring-boot-starter-tomcat\2.5.3\spring-boot-starter-tomcat-2.5.3.jar;D:\maven\org\apache\tomcat\embed\tomcat-embed-core\9.0.50\tomcat-embed-core-9.0.50.jar;D:\maven\org\apache\tomcat\embed\tomcat-embed-el\9.0.50\tomcat-embed-el-9.0.50.jar;D:\maven\org\apache\tomcat\embed\tomcat-embed-websocket\9.0.50\tomcat-embed-websocket-9.0.50.jar;D:\maven\org\springframework\spring-web\5.3.9\spring-web-5.3.9.jar;D:\maven\org\springframework\spring-beans\5.3.9\spring-beans-5.3.9.jar;D:\maven\org\springframework\spring-webmvc\5.3.9\spring-webmvc-5.3.9.jar;D:\maven\org\springframework\spring-aop\5.3.9\spring-aop-5.3.9.jar;D:\maven\org\springframework\spring-expression\5.3.9\spring-expression-5.3.9.jar;D:\maven\org\springframework\kafka\spring-kafka\2.7.4\spring-kafka-2.7.4.jar;D:\maven\org\springframework\spring-context\5.3.9\spring-context-5.3.9.jar;D:\maven\org\springframework\spring-messaging\5.3.9\spring-messaging-5.3.9.jar;D:\maven\org\springframework\spring-tx\5.3.9\spring-tx-5.3.9.jar;D:\maven\org\springframework\retry\spring-retry\1.3.1\spring-retry-1.3.1.jar;D:\maven\org\apache\kafka\kafka-clients\2.7.1\kafka-clients-2.7.1.jar;D:\maven\com\github\luben\zstd-jni\1.4.5-6\zstd-jni-1.4.5-6.jar;D:\maven\org\lz4\lz4-java\1.7.1\lz4-java-1.7.1.jar;D:\maven\org\xerial\snappy\snappy-java\1.1.7.7\snappy-java-1.1.7.7.jar;D:\maven\org\slf4j\slf4j-api\1.7.32\slf4j-api-1.7.32.jar;D:\maven\com\google\code\findbugs\jsr305\3.0.2\jsr305-3.0.2.jar;D:\maven\org\projectlombok\lombok\1.18.20\lombok-1.18.20.jar;D:\maven\org\springframework\boot\spring-boot-starter-test\2.5.3\spring-boot-starter-test-2.5.3.jar;D:\maven\org\springframework\boot\spring-boot-test\2.5.3\spring-boot-test-2.5.3.jar;D:\maven\org\springframework\boot\spring-boot-test-autoconfigure\2.5.3\spring-boot-test-autoconfigure-2.5.3.jar;D:\maven\com\jayway\jsonpath\json-path\2.5.0\json-path-2.5.0.jar;D:\maven\net\minidev\json-smart\2.4.7\json-smart-2.4.7.jar;D:\maven\net\minidev\accessors-smart\2.4.7\accessors-smart-2.4.7.jar;D:\maven\org\ow2\asm\asm\9.1\asm-9.1.jar;D:\maven\jakarta\xml\bind\jakarta.xml.bind-api\2.3.3\jakarta.xml.bind-api-2.3.3.jar;D:\maven\jakarta\activation\jakarta.activation-api\1.2.2\jakarta.activation-api-1.2.2.jar;D:\maven\org\assertj\assertj-core\3.19.0\assertj-core-3.19.0.jar;D:\maven\org\hamcrest\hamcrest\2.2\hamcrest-2.2.jar;D:\maven\org\junit\jupiter\junit-jupiter\5.7.2\junit-jupiter-5.7.2.jar;D:\maven\org\junit\jupiter\junit-jupiter-params\5.7.2\junit-jupiter-params-5.7.2.jar;D:\maven\org\junit\jupiter\junit-jupiter-engine\5.7.2\junit-jupiter-engine-5.7.2.jar;D:\maven\org\junit\platform\junit-platform-engine\1.7.2\junit-platform-engine-1.7.2.jar;D:\maven\org\mockito\mockito-core\3.9.0\mockito-core-3.9.0.jar;D:\maven\net\bytebuddy\byte-buddy\1.10.22\byte-buddy-1.10.22.jar;D:\maven\net\bytebuddy\byte-buddy-agent\1.10.22\byte-buddy-agent-1.10.22.jar;D:\maven\org\objenesis\objenesis\3.2\objenesis-3.2.jar;D:\maven\org\mockito\mockito-junit-jupiter\3.9.0\mockito-junit-jupiter-3.9.0.jar;D:\maven\org\skyscreamer\jsonassert\1.5.0\jsonassert-1.5.0.jar;D:\maven\com\vaadin\external\google\android-json\0.0.20131108.vaadin1\android-json-0.0.20131108.vaadin1.jar;D:\maven\org\springframework\spring-core\5.3.9\spring-core-5.3.9.jar;D:\maven\org\springframework\spring-jcl\5.3.9\spring-jcl-5.3.9.jar;D:\maven\org\springframework\spring-test\5.3.9\spring-test-5.3.9.jar;D:\maven\org\xmlunit\xmlunit-core\2.8.2\xmlunit-core-2.8.2.jar;D:\maven\org\springframework\kafka\spring-kafka-test\2.7.4\spring-kafka-test-2.7.4.jar;D:\maven\org\apache\kafka\kafka-clients\2.7.1\kafka-clients-2.7.1-test.jar;D:\maven\org\apache\kafka\kafka-streams\2.7.1\kafka-streams-2.7.1.jar;D:\maven\org\apache\kafka\connect-json\2.7.1\connect-json-2.7.1.jar;D:\maven\org\apache\kafka\connect-api\2.7.1\connect-api-2.7.1.jar;D:\maven\org\rocksdb\rocksdbjni\5.18.4\rocksdbjni-5.18.4.jar;D:\maven\org\apache\kafka\kafka-streams-test-utils\2.7.1\kafka-streams-test-utils-2.7.1.jar;D:\maven\org\apache\kafka\kafka_2.13\2.7.1\kafka_2.13-2.7.1.jar;D:\maven\org\apache\kafka\kafka-raft\2.7.1\kafka-raft-2.7.1.jar;D:\maven\com\fasterxml\jackson\module\jackson-module-scala_2.13\2.12.4\jackson-module-scala_2.13-2.12.4.jar;D:\maven\com\thoughtworks\paranamer\paranamer\2.8\paranamer-2.8.jar;D:\maven\com\fasterxml\jackson\dataformat\jackson-dataformat-csv\2.12.4\jackson-dataformat-csv-2.12.4.jar;D:\maven\net\sf\jopt-simple\jopt-simple\5.0.4\jopt-simple-5.0.4.jar;D:\maven\com\yammer\metrics\metrics-core\2.2.0\metrics-core-2.2.0.jar;D:\maven\org\scala-lang\modules\scala-collection-compat_2.13\2.2.0\scala-collection-compat_2.13-2.2.0.jar;D:\maven\org\scala-lang\modules\scala-java8-compat_2.13\0.9.1\scala-java8-compat_2.13-0.9.1.jar;D:\maven\org\scala-lang\scala-library\2.13.3\scala-library-2.13.3.jar;D:\maven\org\scala-lang\scala-reflect\2.13.3\scala-reflect-2.13.3.jar;D:\maven\com\typesafe\scala-logging\scala-logging_2.13\3.9.2\scala-logging_2.13-3.9.2.jar;D:\maven\org\apache\zookeeper\zookeeper\3.5.9\zookeeper-3.5.9.jar;D:\maven\org\apache\zookeeper\zookeeper-jute\3.5.9\zookeeper-jute-3.5.9.jar;D:\maven\org\apache\yetus\audience-annotations\0.5.0\audience-annotations-0.5.0.jar;D:\maven\io\netty\netty-handler\4.1.66.Final\netty-handler-4.1.66.Final.jar;D:\maven\io\netty\netty-common\4.1.66.Final\netty-common-4.1.66.Final.jar;D:\maven\io\netty\netty-resolver\4.1.66.Final\netty-resolver-4.1.66.Final.jar;D:\maven\io\netty\netty-buffer\4.1.66.Final\netty-buffer-4.1.66.Final.jar;D:\maven\io\netty\netty-transport\4.1.66.Final\netty-transport-4.1.66.Final.jar;D:\maven\io\netty\netty-codec\4.1.66.Final\netty-codec-4.1.66.Final.jar;D:\maven\io\netty\netty-transport-native-epoll\4.1.66.Final\netty-transport-native-epoll-4.1.66.Final.jar;D:\maven\io\netty\netty-transport-native-unix-common\4.1.66.Final\netty-transport-native-unix-common-4.1.66.Final.jar;D:\maven\commons-cli\commons-cli\1.4\commons-cli-1.4.jar;D:\maven\org\apache\kafka\kafka_2.13\2.7.1\kafka_2.13-2.7.1-test.jar;D:\maven\org\junit\jupiter\junit-jupiter-api\5.7.2\junit-jupiter-api-5.7.2.jar;D:\maven\org\apiguardian\apiguardian-api\1.1.0\apiguardian-api-1.1.0.jar;D:\maven\org\opentest4j\opentest4j\1.2.0\opentest4j-1.2.0.jar;D:\maven\org\junit\platform\junit-platform-commons\1.7.2\junit-platform-commons-1.7.2.jar;"/>
    <property name="sun.cpu.endian" value="little"/>
    <property name="user.home" value="C:\Users\13373"/>
    <property name="user.language" value="zh"/>
    <property name="java.specification.vendor" value="Oracle Corporation"/>
    <property name="java.home" value="D:\DevelopmentSaft\JAVA\jre"/>
    <property name="basedir" value="D:\FLINK\gmallamos-logger"/>
    <property name="file.separator" value="\"/>
    <property name="line.separator" value="&#10;"/>
    <property name="java.vm.specification.vendor" value="Oracle Corporation"/>
    <property name="java.specification.name" value="Java Platform API Specification"/>
    <property name="java.awt.graphicsenv" value="sun.awt.Win32GraphicsEnvironment"/>
    <property name="surefire.real.class.path" value="C:\Users\13373\AppData\Local\Temp\surefire4608957317815688577\surefirebooter8287039381518317549.jar"/>
    <property name="sun.boot.class.path" value="D:\DevelopmentSaft\JAVA\jre\lib\resources.jar;D:\DevelopmentSaft\JAVA\jre\lib\rt.jar;D:\DevelopmentSaft\JAVA\jre\lib\sunrsasign.jar;D:\DevelopmentSaft\JAVA\jre\lib\jsse.jar;D:\DevelopmentSaft\JAVA\jre\lib\jce.jar;D:\DevelopmentSaft\JAVA\jre\lib\charsets.jar;D:\DevelopmentSaft\JAVA\jre\lib\jfr.jar;D:\DevelopmentSaft\JAVA\jre\classes"/>
    <property name="user.script" value=""/>
    <property name="sun.management.compiler" value="HotSpot 64-Bit Tiered Compilers"/>
    <property name="java.runtime.version" value="1.8.0_181-b13"/>
    <property name="user.name" value="13373"/>
    <property name="path.separator" value=";"/>
    <property name="os.version" value="10.0"/>
    <property name="java.endorsed.dirs" value="D:\DevelopmentSaft\JAVA\jre\lib\endorsed"/>
    <property name="java.runtime.name" value="Java(TM) SE Runtime Environment"/>
    <property name="file.encoding" value="GBK"/>
    <property name="java.vm.name" value="Java HotSpot(TM) 64-Bit Server VM"/>
    <property name="localRepository" value="D:\maven"/>
    <property name="java.vendor.url.bug" value="http://bugreport.sun.com/bugreport/"/>
    <property name="java.io.tmpdir" value="C:\Users\13373\AppData\Local\Temp\"/>
    <property name="idea.version" value="2021.1.3"/>
    <property name="java.version" value="1.8.0_181"/>
    <property name="user.dir" value="D:\FLINK\gmallamos-logger"/>
    <property name="os.arch" value="amd64"/>
    <property name="java.vm.specification.name" value="Java Virtual Machine Specification"/>
    <property name="java.awt.printerjob" value="sun.awt.windows.WPrinterJob"/>
    <property name="sun.os.patch.level" value=""/>
    <property name="java.library.path" value="D:\DevelopmentSaft\JAVA\jre\bin;C:\WINDOWS\Sun\Java\bin;C:\WINDOWS\system32;C:\WINDOWS;D:\DevelopmentSaft\workonDev;C:\Program Files\Intel\Intel(R) Management Engine Components\iCLS\;C:\Windows\system32;C:\Windows;C:\Windows\System32\Wbem;C:\Windows\System32\WindowsPowerShell\v1.0\;C:\Windows\System32\OpenSSH\;C:\Program Files (x86)\Intel\Intel(R) Management Engine Components\DAL;C:\Program Files\Intel\Intel(R) Management Engine Components\DAL;C:\Program Files (x86)\Intel\Intel(R) Management Engine Components\IPT;C:\Program Files\Intel\Intel(R) Management Engine Components\IPT;C:\Program Files (x86)\NVIDIA Corporation\PhysX\Common;D:\GoogleDownLoads\jdk-11.0.2\bin;D:\DevelopmentSaft\scala\scala-2.11.11\bin;D:\GoogleDownLoads\python;D:\maven\apache-maven-3.5.4\bin;D:\GoogleDownLoads\mysql-8.0.11-winx64\bin;D:\DevelopmentSaft\hadoop-2.8.3\bin;D:\GoogleDownLoads\lark-cli-master\;C:\Program Files (x86)\Windows Kits\10\Windows Performance Toolkit\;D:\Python33\phantomjs-2.1.1-windows\bin;C:\Users\13373\AppData\Local\Google\Chrome\Application\;D:\Python33\phantomjs-2.1.1-windows\bin;C:\Users\13373\AppData\Local\Google\Chrome\Application;D:\DevelopmentSaft\Scripts;D:\aiadsWorkSpace\pachong\adt-bundle-windows-x86_64-20140702\sdk\platform-tools;D:\spark\spark-2.4.0-bin-hadoop2.7\bin;C:\Program Files\Intel\WiFi\bin\;C:\Program Files\Common Files\Intel\WirelessCommon\;C:\WINDOWS\system32;C:\WINDOWS;C:\WINDOWS\System32\Wbem;C:\WINDOWS\System32\WindowsPowerShell\v1.0\;C:\WINDOWS\System32\OpenSSH\;D:\M_SQL_server\Client SDK\ODBC\110\Tools\Binn\;D:\X86_Sql_server\120\Tools\Binn\;D:\M_SQL_server\120\Tools\Binn\;D:\M_SQL_server\120\DTS\Binn\;D:\X86_Sql_server\120\Tools\Binn\ManagementStudio\;D:\X86_Sql_server\120\DTS\Binn\;D:\aiadsWorkSpace\Git\cmd;D:\node_js\;D:\GoogleDownLoads\python;D:\GoogleDownLoads\python\Library\mingw-w64\bin;D:\GoogleDownLoads\python\Library\usr\bin;D:\GoogleDownLoads\python\Library\bin;D:\GoogleDownLoads\python\Scripts;C:\Users\13373\AppData\Local\Microsoft\WindowsApps;C:\Users\13373\go\bin;D:\aiadsWorkSpace\pachong\Fiddler;C:\Users\13373\AppData\Local\BypassRuntm;D:\cygwin\bin;C:\Users\13373\AppData\Local\Microsoft\WindowsApps;D:\mongodb\bin;D:\VScode\Microsoft VS Code\bin;D:\ideaUltimate\IntelliJ IDEA 2021.1.3\bin;;C:\Users\13373\AppData\Roaming\npm;;D:\Fiddler;."/>
    <property name="java.vm.info" value="mixed mode"/>
    <property name="java.vendor" value="Oracle Corporation"/>
    <property name="java.vm.version" value="25.181-b13"/>
    <property name="java.ext.dirs" value="D:\DevelopmentSaft\JAVA\jre\lib\ext;C:\WINDOWS\Sun\Java\lib\ext"/>
    <property name="sun.io.unicode.encoding" value="UnicodeLittle"/>
    <property name="java.class.version" value="52.0"/>
  </properties>
  <testcase name="contextLoads" classname="com.amos.gmall.GmallamosLoggerApplicationTests" time="0.169"/>
</testsuite>